2013/01/18 11:17:54 [error] [exception.CHttpException.403] exception 'CHttpException' with message 'You are not allowed to access this page.' in /var/www/yii/framework/gii/GiiModule.php:168
Stack trace:
#0 /var/www/yii/framework/web/CController.php(263): GiiModule->beforeControllerAction(Object(DefaultController), Object(CInlineAction))
#1 /var/www/yii/framework/web/CWebApplication.php(282): CController->run('')
#2 /var/www/yii/framework/web/CWebApplication.php(141): CWebApplication->runController('gii')
#3 /var/www/yii/framework/base/CApplication.php(169): CWebApplication->processRequest()
#4 /var/www/testdrive/index.php(13): CApplication->run()
#5 {main}
REQUEST_URI=/index.php?r=gii
---
2013/01/18 11:18:36 [error] [exception.CHttpException.403] exception 'CHttpException' with message 'You are not allowed to access this page.' in /var/www/yii/framework/gii/GiiModule.php:168
Stack trace:
#0 /var/www/yii/framework/web/CController.php(263): GiiModule->beforeControllerAction(Object(DefaultController), Object(CInlineAction))
#1 /var/www/yii/framework/web/CWebApplication.php(282): CController->run('')
#2 /var/www/yii/framework/web/CWebApplication.php(141): CWebApplication->runController('gii')
#3 /var/www/yii/framework/base/CApplication.php(169): CWebApplication->processRequest()
#4 /var/www/testdrive/index.php(13): CApplication->run()
#5 {main}
REQUEST_URI=/index.php?r=gii
---
2013/01/18 11:19:14 [error] [exception.CHttpException.403] exception 'CHttpException' with message 'You are not allowed to access this page.' in /var/www/yii/framework/gii/GiiModule.php:168
Stack trace:
#0 /var/www/yii/framework/web/CController.php(263): GiiModule->beforeControllerAction(Object(DefaultController), Object(CInlineAction))
#1 /var/www/yii/framework/web/CWebApplication.php(282): CController->run('')
#2 /var/www/yii/framework/web/CWebApplication.php(141): CWebApplication->runController('gii')
#3 /var/www/yii/framework/base/CApplication.php(169): CWebApplication->processRequest()
#4 /var/www/testdrive/index.php(13): CApplication->run()
#5 {main}
REQUEST_URI=/index.php?r=gii
---
2013/01/18 11:19:50 [error] [exception.CHttpException.403] exception 'CHttpException' with message 'You are not allowed to access this page.' in /var/www/yii/framework/gii/GiiModule.php:168
Stack trace:
#0 /var/www/yii/framework/web/CController.php(263): GiiModule->beforeControllerAction(Object(DefaultController), Object(CInlineAction))
#1 /var/www/yii/framework/web/CWebApplication.php(282): CController->run('')
#2 /var/www/yii/framework/web/CWebApplication.php(141): CWebApplication->runController('gii')
#3 /var/www/yii/framework/base/CApplication.php(169): CWebApplication->processRequest()
#4 /var/www/testdrive/index.php(13): CApplication->run()
#5 {main}
REQUEST_URI=/index.php?r=gii
---
2013/01/18 11:22:19 [error] [exception.CHttpException.403] exception 'CHttpException' with message 'You are not allowed to access this page.' in /var/www/yii/framework/gii/GiiModule.php:168
Stack trace:
#0 /var/www/yii/framework/web/CController.php(263): GiiModule->beforeControllerAction(Object(DefaultController), Object(CInlineAction))
#1 /var/www/yii/framework/web/CWebApplication.php(282): CController->run('')
#2 /var/www/yii/framework/web/CWebApplication.php(141): CWebApplication->runController('gii')
#3 /var/www/yii/framework/base/CApplication.php(169): CWebApplication->processRequest()
#4 /var/www/testdrive/index.php(13): CApplication->run()
#5 {main}
REQUEST_URI=/index.php?r=gii
---
2013/01/18 11:22:33 [error] [exception.CHttpException.403] exception 'CHttpException' with message 'You are not allowed to access this page.' in /var/www/yii/framework/gii/GiiModule.php:168
Stack trace:
#0 /var/www/yii/framework/web/CController.php(263): GiiModule->beforeControllerAction(Object(DefaultController), Object(CInlineAction))
#1 /var/www/yii/framework/web/CWebApplication.php(282): CController->run('')
#2 /var/www/yii/framework/web/CWebApplication.php(141): CWebApplication->runController('gii')
#3 /var/www/yii/framework/base/CApplication.php(169): CWebApplication->processRequest()
#4 /var/www/testdrive/index.php(13): CApplication->run()
#5 {main}
REQUEST_URI=/index.php?r=gii
---
2013/01/18 11:23:29 [error] [exception.CHttpException.403] exception 'CHttpException' with message 'You are not allowed to access this page.' in /var/www/yii/framework/gii/GiiModule.php:168
Stack trace:
#0 /var/www/yii/framework/web/CController.php(263): GiiModule->beforeControllerAction(Object(DefaultController), Object(CInlineAction))
#1 /var/www/yii/framework/web/CWebApplication.php(282): CController->run('')
#2 /var/www/yii/framework/web/CWebApplication.php(141): CWebApplication->runController('gii')
#3 /var/www/yii/framework/base/CApplication.php(169): CWebApplication->processRequest()
#4 /var/www/testdrive/index.php(13): CApplication->run()
#5 {main}
REQUEST_URI=/index.php?r=gii
---
2013/01/18 11:24:27 [error] [exception.CHttpException.403] exception 'CHttpException' with message 'You are not allowed to access this page.' in /var/www/yii/framework/gii/GiiModule.php:168
Stack trace:
#0 /var/www/yii/framework/web/CController.php(263): GiiModule->beforeControllerAction(Object(DefaultController), Object(CInlineAction))
#1 /var/www/yii/framework/web/CWebApplication.php(282): CController->run('')
#2 /var/www/yii/framework/web/CWebApplication.php(141): CWebApplication->runController('gii')
#3 /var/www/yii/framework/base/CApplication.php(169): CWebApplication->processRequest()
#4 /var/www/testdrive/index.php(13): CApplication->run()
#5 {main}
REQUEST_URI=/index.php?r=gii
---
2013/01/18 11:35:17 [error] [exception.CHttpException.404] exception 'CHttpException' with message 'Unable to resolve the request "forum".' in /var/www/yii/framework/web/CWebApplication.php:286
Stack trace:
#0 /var/www/yii/framework/web/CWebApplication.php(141): CWebApplication->runController('forum')
#1 /var/www/yii/framework/base/CApplication.php(169): CWebApplication->processRequest()
#2 /var/www/testdrive/index.php(13): CApplication->run()
#3 {main}
REQUEST_URI=/index.php?r=forum
---
2013/01/18 11:56:07 [error] [exception.CHttpException.404] exception 'CHttpException' with message 'Unable to resolve the request "forum".' in /var/www/yii/framework/web/CWebApplication.php:286
Stack trace:
#0 /var/www/yii/framework/web/CWebApplication.php(141): CWebApplication->runController('forum')
#1 /var/www/yii/framework/base/CApplication.php(169): CWebApplication->processRequest()
#2 /var/www/testdrive/index.php(13): CApplication->run()
#3 {main}
REQUEST_URI=/index.php?r=forum
---
2013/01/18 12:22:29 [error] [php] Missing argument 1 for CController::getLayoutFile(), called in /var/www/testdrive/protected/modules/html/controllers/DefaultController.php on line 7 and defined (/var/www/yii/framework/web/CController.php:633)
Stack trace:
#0 /var/www/yii/framework/web/CController.php(308): CInlineAction->runWithParams()
#1 /var/www/yii/framework/web/CController.php(286): DefaultController->runAction()
#2 /var/www/yii/framework/web/CController.php(265): DefaultController->runActionWithFilters()
#3 /var/www/yii/framework/web/CWebApplication.php(282): DefaultController->run()
#4 /var/www/yii/framework/web/CWebApplication.php(141): CWebApplication->runController()
#5 /var/www/yii/framework/base/CApplication.php(169): CWebApplication->processRequest()
#6 /var/www/testdrive/index.php(13): CWebApplication->run()
REQUEST_URI=/index.php?r=html
in /var/www/testdrive/protected/modules/html/controllers/DefaultController.php (7)
in /var/www/testdrive/index.php (13)
2013/01/18 12:30:40 [error] [exception.CException] exception 'CException' with message 'Property "CWebApplication.customLayout" is not defined.' in /var/www/yii/framework/base/CComponent.php:173
Stack trace:
#0 /var/www/testdrive/protected/modules/html/controllers/DefaultController.php(7): CComponent->__set('customLayout', true)
#1 /var/www/yii/framework/web/actions/CInlineAction.php(49): DefaultController->actionIndex()
#2 /var/www/yii/framework/web/CController.php(308): CInlineAction->runWithParams(Array)
#3 /var/www/yii/framework/web/CController.php(286): CController->runAction(Object(CInlineAction))
#4 /var/www/yii/framework/web/CController.php(265): CController->runActionWithFilters(Object(CInlineAction), Array)
#5 /var/www/yii/framework/web/CWebApplication.php(282): CController->run('')
#6 /var/www/yii/framework/web/CWebApplication.php(141): CWebApplication->runController('html')
#7 /var/www/yii/framework/base/CApplication.php(169): CWebApplication->processRequest()
#8 /var/www/testdrive/index.php(13): CApplication->run()
#9 {main}
REQUEST_URI=/index.php?r=html
---
2013/01/18 14:00:13 [error] [exception.CException] exception 'CException' with message 'Property "CTheme.layout" is not defined.' in /var/www/yii/framework/base/CComponent.php:130
Stack trace:
#0 /var/www/testdrive/protected/modules/html/HtmlModule.php(17): CComponent->__get('layout')
#1 /var/www/yii/framework/base/CModule.php(90): HtmlModule->init()
#2 /var/www/yii/framework/YiiBase.php(206): CModule->__construct('html', NULL, Array)
#3 /var/www/yii/framework/base/CModule.php(282): YiiBase::createComponent('html.HtmlModule', 'html', NULL, Array)
#4 /var/www/yii/framework/web/CWebApplication.php(337): CModule->getModule('html')
#5 /var/www/yii/framework/web/CWebApplication.php(276): CWebApplication->createController('html')
#6 /var/www/yii/framework/web/CWebApplication.php(141): CWebApplication->runController('html')
#7 /var/www/yii/framework/base/CApplication.php(169): CWebApplication->processRequest()
#8 /var/www/testdrive/index.php(13): CApplication->run()
#9 {main}
REQUEST_URI=/index.php?r=html
---
2013/01/18 14:01:59 [error] [exception.CException] exception 'CException' with message 'CWebApplication and its behaviors do not have a method or closure named "getName".' in /var/www/yii/framework/base/CComponent.php:265
Stack trace:
#0 /var/www/testdrive/protected/modules/html/HtmlModule.php(17): CComponent->__call('getName', Array)
#1 /var/www/testdrive/protected/modules/html/HtmlModule.php(17): CWebApplication->getName()
#2 /var/www/yii/framework/base/CModule.php(90): HtmlModule->init()
#3 /var/www/yii/framework/YiiBase.php(206): CModule->__construct('html', NULL, Array)
#4 /var/www/yii/framework/base/CModule.php(282): YiiBase::createComponent('html.HtmlModule', 'html', NULL, Array)
#5 /var/www/yii/framework/web/CWebApplication.php(337): CModule->getModule('html')
#6 /var/www/yii/framework/web/CWebApplication.php(276): CWebApplication->createController('html')
#7 /var/www/yii/framework/web/CWebApplication.php(141): CWebApplication->runController('html')
#8 /var/www/yii/framework/base/CApplication.php(169): CWebApplication->processRequest()
#9 /var/www/testdrive/index.php(13): CApplication->run()
#10 {main}
REQUEST_URI=/index.php?r=html
---
2013/01/18 14:03:53 [error] [php] Missing argument 1 for CTheme::getViewFile(), called in /var/www/testdrive/protected/modules/html/HtmlModule.php on line 19 and defined (/var/www/yii/framework/web/CTheme.php:99)
Stack trace:
#0 /var/www/yii/framework/YiiBase.php(206): HtmlModule->__construct()
#1 /var/www/yii/framework/base/CModule.php(282): createComponent()
#2 /var/www/yii/framework/web/CWebApplication.php(337): CWebApplication->getModule()
#3 /var/www/yii/framework/web/CWebApplication.php(276): CWebApplication->createController()
#4 /var/www/yii/framework/web/CWebApplication.php(141): CWebApplication->runController()
#5 /var/www/yii/framework/base/CApplication.php(169): CWebApplication->processRequest()
#6 /var/www/testdrive/index.php(13): CWebApplication->run()
REQUEST_URI=/index.php?r=html
in /var/www/testdrive/protected/modules/html/HtmlModule.php (19)
in /var/www/testdrive/index.php (13)
2013/01/18 14:04:11 [error] [php] Missing argument 2 for CTheme::getViewFile(), called in /var/www/testdrive/protected/modules/html/HtmlModule.php on line 19 and defined (/var/www/yii/framework/web/CTheme.php:99)
Stack trace:
#0 /var/www/yii/framework/YiiBase.php(206): HtmlModule->__construct()
#1 /var/www/yii/framework/base/CModule.php(282): createComponent()
#2 /var/www/yii/framework/web/CWebApplication.php(337): CWebApplication->getModule()
#3 /var/www/yii/framework/web/CWebApplication.php(276): CWebApplication->createController()
#4 /var/www/yii/framework/web/CWebApplication.php(141): CWebApplication->runController()
#5 /var/www/yii/framework/base/CApplication.php(169): CWebApplication->processRequest()
#6 /var/www/testdrive/index.php(13): CWebApplication->run()
REQUEST_URI=/index.php?r=html
in /var/www/testdrive/protected/modules/html/HtmlModule.php (19)
in /var/www/testdrive/index.php (13)
2013/01/18 14:05:13 [error] [php] Missing argument 1 for CTheme::getLayoutFile(), called in /var/www/testdrive/protected/modules/html/HtmlModule.php on line 20 and defined (/var/www/yii/framework/web/CTheme.php:113)
Stack trace:
#0 /var/www/yii/framework/YiiBase.php(206): HtmlModule->__construct()
#1 /var/www/yii/framework/base/CModule.php(282): createComponent()
#2 /var/www/yii/framework/web/CWebApplication.php(337): CWebApplication->getModule()
#3 /var/www/yii/framework/web/CWebApplication.php(276): CWebApplication->createController()
#4 /var/www/yii/framework/web/CWebApplication.php(141): CWebApplication->runController()
#5 /var/www/yii/framework/base/CApplication.php(169): CWebApplication->processRequest()
#6 /var/www/testdrive/index.php(13): CWebApplication->run()
REQUEST_URI=/index.php?r=html
in /var/www/testdrive/protected/modules/html/HtmlModule.php (20)
in /var/www/testdrive/index.php (13)
2013/01/18 14:06:35 [error] [php] Missing argument 1 for CTheme::getLayoutFile(), called in /var/www/testdrive/protected/modules/html/HtmlModule.php on line 20 and defined (/var/www/yii/framework/web/CTheme.php:113)
Stack trace:
#0 /var/www/yii/framework/YiiBase.php(206): HtmlModule->__construct()
#1 /var/www/yii/framework/base/CModule.php(282): createComponent()
#2 /var/www/yii/framework/web/CWebApplication.php(337): CWebApplication->getModule()
#3 /var/www/yii/framework/web/CWebApplication.php(276): CWebApplication->createController()
#4 /var/www/yii/framework/web/CWebApplication.php(141): CWebApplication->runController()
#5 /var/www/yii/framework/base/CApplication.php(169): CWebApplication->processRequest()
#6 /var/www/testdrive/index.php(13): CWebApplication->run()
REQUEST_URI=/index.php?r=html
in /var/www/testdrive/protected/modules/html/HtmlModule.php (20)
in /var/www/testdrive/index.php (13)
2013/01/18 14:06:37 [error] [php] Missing argument 1 for CTheme::getLayoutFile(), called in /var/www/testdrive/protected/modules/html/HtmlModule.php on line 20 and defined (/var/www/yii/framework/web/CTheme.php:113)
Stack trace:
#0 /var/www/yii/framework/YiiBase.php(206): HtmlModule->__construct()
#1 /var/www/yii/framework/base/CModule.php(282): createComponent()
#2 /var/www/yii/framework/web/CWebApplication.php(337): CWebApplication->getModule()
#3 /var/www/yii/framework/web/CWebApplication.php(276): CWebApplication->createController()
#4 /var/www/yii/framework/web/CWebApplication.php(141): CWebApplication->runController()
#5 /var/www/yii/framework/base/CApplication.php(169): CWebApplication->processRequest()
#6 /var/www/testdrive/index.php(13): CWebApplication->run()
REQUEST_URI=/index.php?r=html
in /var/www/testdrive/protected/modules/html/HtmlModule.php (20)
in /var/www/testdrive/index.php (13)
2013/01/18 14:09:09 [error] [exception.CException] exception 'CException' with message 'Property "HtmlModule.theme" is not defined.' in /var/www/yii/framework/base/CComponent.php:173
Stack trace:
#0 /var/www/yii/framework/base/CModule.php(513): CComponent->__set('theme', 'angular')
#1 /var/www/yii/framework/base/CModule.php(86): CModule->configure(Array)
#2 /var/www/yii/framework/YiiBase.php(206): CModule->__construct('html', NULL, Array)
#3 /var/www/yii/framework/base/CModule.php(282): YiiBase::createComponent('html.HtmlModule', 'html', NULL, Array)
#4 /var/www/yii/framework/web/CWebApplication.php(337): CModule->getModule('html')
#5 /var/www/yii/framework/web/CWebApplication.php(276): CWebApplication->createController('html')
#6 /var/www/yii/framework/web/CWebApplication.php(141): CWebApplication->runController('html')
#7 /var/www/yii/framework/base/CApplication.php(169): CWebApplication->processRequest()
#8 /var/www/testdrive/index.php(13): CApplication->run()
#9 {main}
REQUEST_URI=/index.php?r=html
---
2013/01/18 14:12:48 [error] [exception.CException] exception 'CException' with message 'Property "HtmlModule.theme" is not defined.' in /var/www/yii/framework/base/CComponent.php:173
Stack trace:
#0 /var/www/yii/framework/base/CModule.php(513): CComponent->__set('theme', 'angular')
#1 /var/www/yii/framework/base/CModule.php(86): CModule->configure(Array)
#2 /var/www/yii/framework/YiiBase.php(206): CModule->__construct('html', NULL, Array)
#3 /var/www/yii/framework/base/CModule.php(282): YiiBase::createComponent('html.HtmlModule', 'html', NULL, Array)
#4 /var/www/yii/framework/web/CWebApplication.php(337): CModule->getModule('html')
#5 /var/www/yii/framework/web/CWebApplication.php(276): CWebApplication->createController('html')
#6 /var/www/yii/framework/web/CWebApplication.php(141): CWebApplication->runController('html')
#7 /var/www/yii/framework/base/CApplication.php(169): CWebApplication->processRequest()
#8 /var/www/testdrive/index.php(13): CApplication->run()
#9 {main}
REQUEST_URI=/index.php?r=html
---
2013/01/18 14:39:59 [error] [exception.CException] exception 'CException' with message 'HtmlModule and its behaviors do not have a method or closure named "setLaout".' in /var/www/yii/framework/base/CComponent.php:265
Stack trace:
#0 /var/www/testdrive/protected/modules/html/HtmlModule.php(12): CComponent->__call('setLaout', Array)
#1 /var/www/testdrive/protected/modules/html/HtmlModule.php(12): HtmlModule->setLaout('main')
#2 /var/www/yii/framework/base/CModule.php(90): HtmlModule->init()
#3 /var/www/yii/framework/YiiBase.php(206): CModule->__construct('html', NULL, Array)
#4 /var/www/yii/framework/base/CModule.php(282): YiiBase::createComponent('html.HtmlModule', 'html', NULL, Array)
#5 /var/www/yii/framework/web/CWebApplication.php(337): CModule->getModule('html')
#6 /var/www/yii/framework/web/CWebApplication.php(276): CWebApplication->createController('html')
#7 /var/www/yii/framework/web/CWebApplication.php(141): CWebApplication->runController('html')
#8 /var/www/yii/framework/base/CApplication.php(169): CWebApplication->processRequest()
#9 /var/www/testdrive/index.php(13): CApplication->run()
#10 {main}
REQUEST_URI=/index.php?r=html
---
2013/01/18 14:40:15 [error] [exception.CException] exception 'CException' with message 'HtmlModule and its behaviors do not have a method or closure named "setLayout".' in /var/www/yii/framework/base/CComponent.php:265
Stack trace:
#0 /var/www/testdrive/protected/modules/html/HtmlModule.php(12): CComponent->__call('setLayout', Array)
#1 /var/www/testdrive/protected/modules/html/HtmlModule.php(12): HtmlModule->setLayout('main')
#2 /var/www/yii/framework/base/CModule.php(90): HtmlModule->init()
#3 /var/www/yii/framework/YiiBase.php(206): CModule->__construct('html', NULL, Array)
#4 /var/www/yii/framework/base/CModule.php(282): YiiBase::createComponent('html.HtmlModule', 'html', NULL, Array)
#5 /var/www/yii/framework/web/CWebApplication.php(337): CModule->getModule('html')
#6 /var/www/yii/framework/web/CWebApplication.php(276): CWebApplication->createController('html')
#7 /var/www/yii/framework/web/CWebApplication.php(141): CWebApplication->runController('html')
#8 /var/www/yii/framework/base/CApplication.php(169): CWebApplication->processRequest()
#9 /var/www/testdrive/index.php(13): CApplication->run()
#10 {main}
REQUEST_URI=/index.php?r=html
---
2013/01/18 15:26:42 [error] [system.db.CDbCommand] CDbCommand::fetchAll() failed: SQLSTATE[42S02]: Base table or view not found: 1146 Table 'testdrive.markup' doesn't exist. The SQL statement executed was: SHOW FULL COLUMNS FROM `markup`.
in /var/www/testdrive/index.php (13)
2013/01/18 15:36:18 [error] [exception.CException] exception 'CException' with message 'Property "DefaultController.rules" is not defined.' in /var/www/yii/framework/base/CComponent.php:173
Stack trace:
#0 /var/www/testdrive/protected/modules/html/controllers/DefaultController.php(9): CComponent->__set('rules', '[{"0":"perms","...')
#1 /var/www/yii/framework/web/actions/CInlineAction.php(49): DefaultController->actionIndex()
#2 /var/www/yii/framework/web/CController.php(308): CInlineAction->runWithParams(Array)
#3 /var/www/yii/framework/web/CController.php(286): CController->runAction(Object(CInlineAction))
#4 /var/www/yii/framework/web/CController.php(265): CController->runActionWithFilters(Object(CInlineAction), Array)
#5 /var/www/yii/framework/web/CWebApplication.php(282): CController->run('')
#6 /var/www/yii/framework/web/CWebApplication.php(141): CWebApplication->runController('html')
#7 /var/www/yii/framework/base/CApplication.php(169): CWebApplication->processRequest()
#8 /var/www/testdrive/index.php(13): CApplication->run()
#9 {main}
REQUEST_URI=/index.php?r=html
---
2013/01/18 16:04:21 [error] [exception.CException] exception 'CException' with message 'CWebApplication and its behaviors do not have a method or closure named "moduleName".' in /var/www/yii/framework/base/CComponent.php:265
Stack trace:
#0 /var/www/testdrive/protected/modules/html/views/layouts/html.php(29): CComponent->__call('moduleName', Array)
#1 /var/www/testdrive/protected/modules/html/views/layouts/html.php(29): CWebApplication->moduleName()
#2 /var/www/yii/framework/web/CBaseController.php(126): require('/var/www/testdr...')
#3 /var/www/yii/framework/web/CBaseController.php(95): CBaseController->renderInternal('/var/www/testdr...', Array, true)
#4 /var/www/yii/framework/web/CController.php(784): CBaseController->renderFile('/var/www/testdr...', Array, true)
#5 /var/www/testdrive/protected/modules/html/controllers/DefaultController.php(11): CController->render('index')
#6 /var/www/yii/framework/web/actions/CInlineAction.php(49): DefaultController->actionIndex()
#7 /var/www/yii/framework/web/CController.php(308): CInlineAction->runWithParams(Array)
#8 /var/www/yii/framework/web/CController.php(286): CController->runAction(Object(CInlineAction))
#9 /var/www/yii/framework/web/CController.php(265): CController->runActionWithFilters(Object(CInlineAction), Array)
#10 /var/www/yii/framework/web/CWebApplication.php(282): CController->run('')
#11 /var/www/yii/framework/web/CWebApplication.php(141): CWebApplication->runController('html')
#12 /var/www/yii/framework/base/CApplication.php(169): CWebApplication->processRequest()
#13 /var/www/testdrive/index.php(13): CApplication->run()
#14 {main}
REQUEST_URI=/index.php?r=html
---
2013/01/18 16:04:33 [error] [exception.CException] exception 'CException' with message 'CWebApplication and its behaviors do not have a method or closure named "getName".' in /var/www/yii/framework/base/CComponent.php:265
Stack trace:
#0 /var/www/testdrive/protected/modules/html/views/layouts/html.php(29): CComponent->__call('getName', Array)
#1 /var/www/testdrive/protected/modules/html/views/layouts/html.php(29): CWebApplication->getName()
#2 /var/www/yii/framework/web/CBaseController.php(126): require('/var/www/testdr...')
#3 /var/www/yii/framework/web/CBaseController.php(95): CBaseController->renderInternal('/var/www/testdr...', Array, true)
#4 /var/www/yii/framework/web/CController.php(784): CBaseController->renderFile('/var/www/testdr...', Array, true)
#5 /var/www/testdrive/protected/modules/html/controllers/DefaultController.php(11): CController->render('index')
#6 /var/www/yii/framework/web/actions/CInlineAction.php(49): DefaultController->actionIndex()
#7 /var/www/yii/framework/web/CController.php(308): CInlineAction->runWithParams(Array)
#8 /var/www/yii/framework/web/CController.php(286): CController->runAction(Object(CInlineAction))
#9 /var/www/yii/framework/web/CController.php(265): CController->runActionWithFilters(Object(CInlineAction), Array)
#10 /var/www/yii/framework/web/CWebApplication.php(282): CController->run('')
#11 /var/www/yii/framework/web/CWebApplication.php(141): CWebApplication->runController('html')
#12 /var/www/yii/framework/base/CApplication.php(169): CWebApplication->processRequest()
#13 /var/www/testdrive/index.php(13): CApplication->run()
#14 {main}
REQUEST_URI=/index.php?r=html
---
2013/01/18 16:13:31 [error] [exception.CException] exception 'CException' with message 'Property "HtmlModule.jsIncludes" is not defined.' in /var/www/yii/framework/base/CComponent.php:173
Stack trace:
#0 /var/www/testdrive/protected/modules/html/HtmlModule.php(9): CComponent->__set('jsIncludes', Array)
#1 /var/www/yii/framework/base/CModule.php(90): HtmlModule->init()
#2 /var/www/yii/framework/YiiBase.php(206): CModule->__construct('html', NULL, Array)
#3 /var/www/yii/framework/base/CModule.php(282): YiiBase::createComponent('html.HtmlModule', 'html', NULL, Array)
#4 /var/www/yii/framework/web/CWebApplication.php(337): CModule->getModule('html')
#5 /var/www/yii/framework/web/CWebApplication.php(276): CWebApplication->createController('html')
#6 /var/www/yii/framework/web/CWebApplication.php(141): CWebApplication->runController('html')
#7 /var/www/yii/framework/base/CApplication.php(169): CWebApplication->processRequest()
#8 /var/www/testdrive/index.php(13): CApplication->run()
#9 {main}
REQUEST_URI=/index.php?r=html
---
2013/01/18 16:13:41 [error] [exception.CException] exception 'CException' with message 'Property "HtmlModule.jsIncludes" is not defined.' in /var/www/yii/framework/base/CComponent.php:173
Stack trace:
#0 /var/www/testdrive/protected/modules/html/HtmlModule.php(9): CComponent->__set('jsIncludes', Array)
#1 /var/www/yii/framework/base/CModule.php(90): HtmlModule->init()
#2 /var/www/yii/framework/YiiBase.php(206): CModule->__construct('html', NULL, Array)
#3 /var/www/yii/framework/base/CModule.php(282): YiiBase::createComponent('html.HtmlModule', 'html', NULL, Array)
#4 /var/www/yii/framework/web/CWebApplication.php(337): CModule->getModule('html')
#5 /var/www/yii/framework/web/CWebApplication.php(276): CWebApplication->createController('html')
#6 /var/www/yii/framework/web/CWebApplication.php(141): CWebApplication->runController('html')
#7 /var/www/yii/framework/base/CApplication.php(169): CWebApplication->processRequest()
#8 /var/www/testdrive/index.php(13): CApplication->run()
#9 {main}
REQUEST_URI=/index.php?r=html
---
2013/01/18 16:13:43 [error] [exception.CException] exception 'CException' with message 'Property "HtmlModule.jsIncludes" is not defined.' in /var/www/yii/framework/base/CComponent.php:173
Stack trace:
#0 /var/www/testdrive/protected/modules/html/HtmlModule.php(9): CComponent->__set('jsIncludes', Array)
#1 /var/www/yii/framework/base/CModule.php(90): HtmlModule->init()
#2 /var/www/yii/framework/YiiBase.php(206): CModule->__construct('html', NULL, Array)
#3 /var/www/yii/framework/base/CModule.php(282): YiiBase::createComponent('html.HtmlModule', 'html', NULL, Array)
#4 /var/www/yii/framework/web/CWebApplication.php(337): CModule->getModule('html')
#5 /var/www/yii/framework/web/CWebApplication.php(276): CWebApplication->createController('html')
#6 /var/www/yii/framework/web/CWebApplication.php(141): CWebApplication->runController('html')
#7 /var/www/yii/framework/base/CApplication.php(169): CWebApplication->processRequest()
#8 /var/www/testdrive/index.php(13): CApplication->run()
#9 {main}
REQUEST_URI=/index.php?r=html
---
2013/01/18 16:32:25 [error] [exception.CException] exception 'CException' with message 'Property "HtmlModule.assetsUrl" is not defined.' in /var/www/yii/framework/base/CComponent.php:173
Stack trace:
#0 /var/www/testdrive/protected/modules/html/HtmlModule.php(13): CComponent->__set('assetsUrl', '/assets/e6a08be...')
#1 /var/www/yii/framework/base/CModule.php(90): HtmlModule->init()
#2 /var/www/yii/framework/YiiBase.php(206): CModule->__construct('html', NULL, Array)
#3 /var/www/yii/framework/base/CModule.php(282): YiiBase::createComponent('html.HtmlModule', 'html', NULL, Array)
#4 /var/www/yii/framework/web/CWebApplication.php(337): CModule->getModule('html')
#5 /var/www/yii/framework/web/CWebApplication.php(276): CWebApplication->createController('html')
#6 /var/www/yii/framework/web/CWebApplication.php(141): CWebApplication->runController('html')
#7 /var/www/yii/framework/base/CApplication.php(169): CWebApplication->processRequest()
#8 /var/www/testdrive/index.php(13): CApplication->run()
#9 {main}
REQUEST_URI=/index.php?r=html
---
2013/01/18 16:33:00 [error] [exception.CException] exception 'CException' with message 'Property "DefaultController._assetsUrl" is not defined.' in /var/www/yii/framework/base/CComponent.php:130
Stack trace:
#0 /var/www/testdrive/protected/modules/html/views/layouts/html.php(18): CComponent->__get('_assetsUrl')
#1 /var/www/yii/framework/web/CBaseController.php(126): require('/var/www/testdr...')
#2 /var/www/yii/framework/web/CBaseController.php(95): CBaseController->renderInternal('/var/www/testdr...', Array, true)
#3 /var/www/yii/framework/web/CController.php(784): CBaseController->renderFile('/var/www/testdr...', Array, true)
#4 /var/www/testdrive/protected/modules/html/controllers/DefaultController.php(11): CController->render('index')
#5 /var/www/yii/framework/web/actions/CInlineAction.php(49): DefaultController->actionIndex()
#6 /var/www/yii/framework/web/CController.php(308): CInlineAction->runWithParams(Array)
#7 /var/www/yii/framework/web/CController.php(286): CController->runAction(Object(CInlineAction))
#8 /var/www/yii/framework/web/CController.php(265): CController->runActionWithFilters(Object(CInlineAction), Array)
#9 /var/www/yii/framework/web/CWebApplication.php(282): CController->run('')
#10 /var/www/yii/framework/web/CWebApplication.php(141): CWebApplication->runController('html')
#11 /var/www/yii/framework/base/CApplication.php(169): CWebApplication->processRequest()
#12 /var/www/testdrive/index.php(13): CApplication->run()
#13 {main}
REQUEST_URI=/index.php?r=html
---
2013/01/18 16:33:15 [error] [exception.CException] exception 'CException' with message 'Property "DefaultController._assetsUrl" is not defined.' in /var/www/yii/framework/base/CComponent.php:130
Stack trace:
#0 /var/www/testdrive/protected/modules/html/views/layouts/html.php(18): CComponent->__get('_assetsUrl')
#1 /var/www/yii/framework/web/CBaseController.php(126): require('/var/www/testdr...')
#2 /var/www/yii/framework/web/CBaseController.php(95): CBaseController->renderInternal('/var/www/testdr...', Array, true)
#3 /var/www/yii/framework/web/CController.php(784): CBaseController->renderFile('/var/www/testdr...', Array, true)
#4 /var/www/testdrive/protected/modules/html/controllers/DefaultController.php(11): CController->render('index')
#5 /var/www/yii/framework/web/actions/CInlineAction.php(49): DefaultController->actionIndex()
#6 /var/www/yii/framework/web/CController.php(308): CInlineAction->runWithParams(Array)
#7 /var/www/yii/framework/web/CController.php(286): CController->runAction(Object(CInlineAction))
#8 /var/www/yii/framework/web/CController.php(265): CController->runActionWithFilters(Object(CInlineAction), Array)
#9 /var/www/yii/framework/web/CWebApplication.php(282): CController->run('')
#10 /var/www/yii/framework/web/CWebApplication.php(141): CWebApplication->runController('html')
#11 /var/www/yii/framework/base/CApplication.php(169): CWebApplication->processRequest()
#12 /var/www/testdrive/index.php(13): CApplication->run()
#13 {main}
REQUEST_URI=/index.php?r=html
---
